2026-02-20 14:34:36 [INFO] Starting minecraft server version 1.4.7
2026-02-20 14:38:58 [INFO] Starting minecraft server version 1.4.7
2026-02-20 14:39:08 [INFO] Loading properties
2026-02-20 14:39:08 [INFO] Default game type: SURVIVAL
2026-02-20 14:39:08 [INFO] Generating keypair
2026-02-20 14:39:09 [INFO] Starting Minecraft server on *:25565
2026-02-20 14:39:20 [WARNING] Failed to load operators list: java.io.FileNotFoundException: ./ops.txt (No such file or directory)
2026-02-20 14:39:20 [WARNING] Failed to load white-list: java.io.FileNotFoundException: ./white-list.txt (No such file or directory)
2026-02-20 14:39:20 [INFO] Preparing level "Nargbox"
2026-02-20 14:39:24 [INFO] Preparing start region for level 0
2026-02-20 14:39:25 [INFO] Preparing spawn area: 11%
2026-02-20 14:39:26 [INFO] Preparing spawn area: 21%
2026-02-20 14:39:27 [INFO] Preparing spawn area: 34%
2026-02-20 14:39:28 [INFO] Preparing spawn area: 45%
2026-02-20 14:39:29 [INFO] Preparing spawn area: 60%
2026-02-20 14:39:31 [INFO] Preparing spawn area: 69%
2026-02-20 14:39:32 [INFO] Preparing spawn area: 92%
2026-02-20 14:39:33 [INFO] Done (13.007s)! For help, type "help" or "?"
2026-02-20 14:39:54 [INFO] Stopping the server
2026-02-20 14:39:54 [INFO] Stopping server
2026-02-20 14:39:54 [INFO] Saving players
2026-02-20 14:39:54 [INFO] Saving worlds
2026-02-20 14:39:54 [INFO] Saving chunks for level 'Nargbox'/Overworld
2026-02-20 14:39:54 [INFO] Saving chunks for level 'Nargbox'/Nether
2026-02-20 14:40:53 [INFO] Starting minecraft server version 1.4.7
2026-02-20 14:41:04 [INFO] Loading properties
2026-02-20 14:41:04 [INFO] Default game type: SURVIVAL
2026-02-20 14:41:04 [INFO] Generating keypair
2026-02-20 14:41:04 [INFO] Starting Minecraft server on *:25565
2026-02-20 14:41:15 [INFO] Preparing level "Nargbox"
2026-02-20 14:41:15 [INFO] Preparing start region for level 0
2026-02-20 14:41:16 [INFO] Done (0.929s)! For help, type "help" or "?"
2026-02-20 14:52:53 [INFO] User Sinyster2 connection failed: missing [PaintingSelGui, NoteSelGui], bad versions [Railcraft]
2026-02-20 14:52:53 [INFO] Disconnecting Sinyster2 [/100.76.212.6:35212]: The server requires mods that are absent or out of date on your client
2026-02-20 14:53:43 [INFO] Stopping the server
2026-02-20 14:53:43 [INFO] Stopping server
2026-02-20 14:53:43 [INFO] Saving players
2026-02-20 14:53:43 [INFO] Saving worlds
2026-02-20 14:53:43 [INFO] Saving chunks for level 'Nargbox'/Overworld
2026-02-20 14:53:43 [INFO] Saving chunks for level 'Nargbox'/Nether
2026-02-20 14:53:43 [INFO] Stopping server
2026-02-20 14:53:43 [INFO] Saving players
2026-02-20 14:53:43 [INFO] Saving worlds
2026-02-20 14:55:25 [INFO] Starting minecraft server version 1.4.7
2026-02-20 14:55:35 [INFO] Loading properties
2026-02-20 14:55:35 [INFO] Default game type: SURVIVAL
2026-02-20 14:55:35 [INFO] Generating keypair
2026-02-20 14:55:36 [INFO] Starting Minecraft server on *:25565
2026-02-20 14:55:46 [INFO] Preparing level "Nargbox"
2026-02-20 14:55:46 [INFO] Preparing start region for level 0
2026-02-20 14:55:47 [INFO] Done (1.095s)! For help, type "help" or "?"
2026-02-20 14:56:56 [INFO] User Sinyster2 connection failed: missing [PaintingSelGui, NoteSelGui], bad versions [Railcraft]
2026-02-20 14:56:56 [INFO] Disconnecting Sinyster2 [/100.76.212.6:37072]: The server requires mods that are absent or out of date on your client
2026-02-20 14:57:28 [INFO] Stopping the server
2026-02-20 14:57:28 [INFO] Stopping server
2026-02-20 14:57:28 [INFO] Saving players
2026-02-20 14:57:28 [INFO] Saving worlds
2026-02-20 14:57:28 [INFO] Saving chunks for level 'Nargbox'/Overworld
2026-02-20 14:57:28 [INFO] Saving chunks for level 'Nargbox'/Nether
2026-02-20 14:57:28 [INFO] Stopping server
2026-02-20 14:57:28 [INFO] Saving players
2026-02-20 14:57:28 [INFO] Saving worlds
2026-02-20 15:05:05 [INFO] Starting minecraft server version 1.4.7
2026-02-20 15:05:15 [INFO] Loading properties
2026-02-20 15:05:15 [INFO] Default game type: SURVIVAL
2026-02-20 15:05:15 [INFO] Generating keypair
2026-02-20 15:05:16 [INFO] Starting Minecraft server on *:25565
2026-02-20 15:05:27 [INFO] Preparing level "Nargbox"
2026-02-20 15:05:27 [INFO] Preparing start region for level 0
2026-02-20 15:05:27 [INFO] Done (1.008s)! For help, type "help" or "?"
2026-02-20 15:05:28 [INFO] /100.76.212.6:34478 lost connection
2026-02-20 15:05:47 [INFO] User Sinyster2 connection failed: missing [PaintingSelGui, NoteSelGui], bad versions [Railcraft]
2026-02-20 15:05:47 [INFO] Disconnecting Sinyster2 [/100.76.212.6:37248]: The server requires mods that are absent or out of date on your client
2026-02-20 15:06:15 [INFO] User Sinyster2 connection failed: missing [PaintingSelGui, NoteSelGui], bad versions [Railcraft]
2026-02-20 15:06:15 [INFO] Disconnecting Sinyster2 [/100.76.212.6:45468]: The server requires mods that are absent or out of date on your client
2026-02-20 15:07:52 [INFO] Stopping the server
2026-02-20 15:07:52 [INFO] Stopping server
2026-02-20 15:07:52 [INFO] Saving players
2026-02-20 15:07:52 [INFO] Saving worlds
2026-02-20 15:07:52 [INFO] Saving chunks for level 'Nargbox'/Overworld
2026-02-20 15:07:52 [INFO] Saving chunks for level 'Nargbox'/Nether
2026-02-20 15:07:52 [INFO] Stopping server
2026-02-20 15:07:52 [INFO] Saving players
2026-02-20 15:07:52 [INFO] Saving worlds
2026-02-20 15:18:31 [INFO] Starting minecraft server version 1.4.7
2026-02-20 15:18:41 [INFO] Loading properties
2026-02-20 15:18:41 [INFO] Default game type: SURVIVAL
2026-02-20 15:18:41 [INFO] Generating keypair
2026-02-20 15:18:41 [INFO] Starting Minecraft server on *:25565
2026-02-20 15:18:52 [INFO] Preparing level "Nargbox"
2026-02-20 15:18:52 [INFO] Preparing start region for level 0
2026-02-20 15:18:53 [INFO] Done (1.005s)! For help, type "help" or "?"
2026-02-20 15:19:39 [INFO] Stopping server
2026-02-20 15:19:39 [INFO] Saving players
2026-02-20 15:19:39 [INFO] Saving worlds
2026-02-20 15:19:39 [INFO] Saving chunks for level 'Nargbox'/Overworld
2026-02-20 15:19:58 [INFO] Starting minecraft server version 1.4.7
2026-02-20 15:20:09 [INFO] Loading properties
2026-02-20 15:20:09 [INFO] Default game type: SURVIVAL
2026-02-20 15:20:09 [INFO] Generating keypair
2026-02-20 15:20:09 [INFO] Starting Minecraft server on *:25565
2026-02-20 15:20:20 [INFO] Preparing level "Nargbox"
2026-02-20 15:20:22 [INFO] Preparing start region for level 0
2026-02-20 15:20:23 [INFO] Preparing spawn area: 17%
2026-02-20 15:20:24 [INFO] Preparing spawn area: 36%
2026-02-20 15:20:25 [INFO] Preparing spawn area: 56%
2026-02-20 15:20:26 [INFO] Preparing spawn area: 75%
2026-02-20 15:20:27 [INFO] Done (6.757s)! For help, type "help" or "?"
2026-02-20 16:21:11 [INFO] User Sinyster2 connection failed: missing [], bad versions [IC2, Forestry]
2026-02-20 16:21:11 [INFO] Disconnecting Sinyster2 [/100.76.212.6:41890]: The server requires mods that are absent or out of date on your client
2026-02-20 16:21:23 [INFO] Stopping the server
2026-02-20 16:21:23 [INFO] Stopping server
2026-02-20 16:21:23 [INFO] Saving players
2026-02-20 16:21:23 [INFO] Saving worlds
2026-02-20 16:21:23 [INFO] Saving chunks for level 'Nargbox'/Overworld
2026-02-20 16:21:23 [INFO] Saving chunks for level 'Nargbox'/Nether
2026-02-20 16:21:23 [INFO] Stopping server
2026-02-20 16:21:23 [INFO] Saving players
2026-02-20 16:21:23 [INFO] Saving worlds
2026-02-20 16:22:58 [INFO] Starting minecraft server version 1.4.7
2026-02-20 16:23:09 [INFO] Loading properties
2026-02-20 16:23:09 [INFO] Default game type: SURVIVAL
2026-02-20 16:23:09 [INFO] Generating keypair
2026-02-20 16:23:09 [INFO] Starting Minecraft server on *:25565
2026-02-20 16:23:20 [INFO] Preparing level "Nargbox"
2026-02-20 16:23:20 [INFO] Preparing start region for level 0
2026-02-20 16:23:20 [INFO] Done (0.838s)! For help, type "help" or "?"
2026-02-20 16:24:05 [INFO] User Sinyster2 connecting with mods [Thaumcraft, WR-CBE|RedPower, BuildCraft|Silicon, MiscPeripherals, BiblioCraft, GregTech_Addon, BuildCraft|Core, LogisticsPipes|Main, CCTurtle, LoginMessage, Mystcraft, RedPowerBase, GregsLighting, WR-CBE|Core, RedPowerWiring, ThermalExpansion, TwilightForest, BuildCraft|Factory, GraviSuite, Railcraft, WR-CBE|Addons, IC2NuclearControl, EnderStorage, weaponmod, ComputerCraft, RPTweaks, SoulShards, BechillTPS, IronChest, OmniTools, RedPowerCore, RedPowerControl, RedPowerWorld, ChickenChunks, AdvancedSolarPanel, BuildCraft|Energy, IC2, RedPowerLogic, NetherOres, XReliquary, RedPowerLighting, ExtrabiomesXL, RedPowerMachine, ModularForceFieldSystem, BuildCraft|Transport, ThermalExpansion|Energy, ThermalExpansion|Factory, Forestry, RedPowerCompat, ThermalExpansion|Transport, BuildCraft|Builders, ObsidiPlates]
2026-02-20 16:24:05 [INFO] Sinyster2[/100.76.212.6:50474] logged in with entity id 95 at (6.5, 75.62000000476837, 253.5)
2026-02-20 16:24:05 [INFO] Sinyster2 lost connection: disconnect.endOfStream
2026-02-20 16:24:05 [INFO] Sinyster2 lost connection: disconnect.endOfStream
2026-02-20 16:24:18 [INFO] User Sinyster2 connecting with mods [Thaumcraft, WR-CBE|RedPower, BuildCraft|Silicon, MiscPeripherals, BiblioCraft, GregTech_Addon, BuildCraft|Core, LogisticsPipes|Main, CCTurtle, LoginMessage, Mystcraft, RedPowerBase, GregsLighting, WR-CBE|Core, RedPowerWiring, ThermalExpansion, TwilightForest, BuildCraft|Factory, GraviSuite, Railcraft, WR-CBE|Addons, IC2NuclearControl, EnderStorage, weaponmod, ComputerCraft, RPTweaks, SoulShards, BechillTPS, IronChest, OmniTools, RedPowerCore, RedPowerControl, RedPowerWorld, ChickenChunks, AdvancedSolarPanel, BuildCraft|Energy, IC2, RedPowerLogic, NetherOres, XReliquary, RedPowerLighting, ExtrabiomesXL, RedPowerMachine, ModularForceFieldSystem, BuildCraft|Transport, ThermalExpansion|Energy, ThermalExpansion|Factory, Forestry, RedPowerCompat, ThermalExpansion|Transport, BuildCraft|Builders, ObsidiPlates]
2026-02-20 16:24:18 [INFO] Sinyster2[/100.76.212.6:51894] logged in with entity id 123 at (6.5, 75.62000000476837, 253.5)
2026-02-20 16:24:18 [INFO] Sinyster2 lost connection: disconnect.endOfStream
2026-02-20 16:24:18 [INFO] Sinyster2 lost connection: disconnect.endOfStream
2026-02-20 16:24:33 [INFO] Stopping the server
2026-02-20 16:24:33 [INFO] Stopping server
2026-02-20 16:24:33 [INFO] Saving players
2026-02-20 16:24:33 [INFO] Saving worlds
2026-02-20 16:24:33 [INFO] Saving chunks for level 'Nargbox'/Overworld
2026-02-20 16:24:33 [INFO] Saving chunks for level 'Nargbox'/Nether
2026-02-20 16:24:33 [INFO] Stopping server
2026-02-20 16:24:33 [INFO] Saving players
2026-02-20 16:24:51 [INFO] Starting minecraft server version 1.4.7
2026-02-20 16:25:01 [INFO] Loading properties
2026-02-20 16:25:01 [INFO] Default game type: SURVIVAL
2026-02-20 16:25:01 [INFO] Generating keypair
2026-02-20 16:25:01 [INFO] Starting Minecraft server on *:25565
2026-02-20 16:25:12 [INFO] Preparing level "Nargbox"
2026-02-20 16:25:21 [INFO] Preparing start region for level 0
2026-02-20 16:25:22 [INFO] Preparing spawn area: 10%
2026-02-20 16:25:23 [INFO] Preparing spawn area: 24%
2026-02-20 16:25:24 [INFO] Preparing spawn area: 40%
2026-02-20 16:25:25 [INFO] Preparing spawn area: 57%
2026-02-20 16:25:26 [INFO] Preparing spawn area: 78%
2026-02-20 16:25:27 [INFO] Done (14.245s)! For help, type "help" or "?"
2026-02-20 16:25:29 [WARNING] Can't keep up! Did the system time change, or is the server overloaded?
2026-02-20 16:26:09 [INFO] User Sinyster2 connecting with mods [Thaumcraft, WR-CBE|RedPower, BuildCraft|Silicon, MiscPeripherals, BiblioCraft, GregTech_Addon, BuildCraft|Core, LogisticsPipes|Main, CCTurtle, LoginMessage, Mystcraft, RedPowerBase, GregsLighting, WR-CBE|Core, RedPowerWiring, ThermalExpansion, TwilightForest, BuildCraft|Factory, Railcraft, GraviSuite, WR-CBE|Addons, EnderStorage, IC2NuclearControl, weaponmod, ComputerCraft, RPTweaks, SoulShards, IronChest, BechillTPS, OmniTools, RedPowerCore, RedPowerControl, RedPowerWorld, ChickenChunks, BuildCraft|Energy, AdvancedSolarPanel, IC2, RedPowerLogic, NetherOres, XReliquary, RedPowerLighting, ExtrabiomesXL, RedPowerMachine, ModularForceFieldSystem, BuildCraft|Transport, ThermalExpansion|Energy, ThermalExpansion|Factory, RedPowerCompat, Forestry, ThermalExpansion|Transport, BuildCraft|Builders, ObsidiPlates]
2026-02-20 16:26:09 [INFO] Sinyster2[/100.76.212.6:60138] logged in with entity id 5324 at (-75.5, 68.62000000476837, 259.5)
2026-02-20 16:26:09 [INFO] Sinyster2 lost connection: disconnect.endOfStream
2026-02-20 16:26:44 [INFO] Stopping the server
2026-02-20 16:26:44 [INFO] Stopping server
2026-02-20 16:26:44 [INFO] Saving players
2026-02-20 16:26:44 [INFO] Saving worlds
2026-02-20 16:26:44 [INFO] Saving chunks for level 'Nargbox'/Overworld
2026-02-20 16:26:44 [INFO] Saving chunks for level 'Nargbox'/Nether
2026-02-20 16:26:44 [INFO] Stopping server
2026-02-20 16:26:44 [INFO] Saving players
2026-02-20 16:26:44 [INFO] Saving worlds
2026-02-20 16:27:52 [INFO] Starting minecraft server version 1.4.7
2026-02-20 16:28:02 [INFO] Loading properties
2026-02-20 16:28:02 [INFO] Default game type: SURVIVAL
2026-02-20 16:28:02 [INFO] Generating keypair
2026-02-20 16:28:03 [INFO] Starting Minecraft server on *:25565
2026-02-20 16:28:13 [INFO] Preparing level "Nargbox"
2026-02-20 16:28:14 [INFO] Preparing start region for level 0
2026-02-20 16:28:14 [INFO] Done (0.882s)! For help, type "help" or "?"
2026-02-20 16:28:37 [INFO] User Sinyster2 connecting with mods [Thaumcraft, WR-CBE|RedPower, BuildCraft|Silicon, MiscPeripherals, BiblioCraft, GregTech_Addon, BuildCraft|Core, LogisticsPipes|Main, CCTurtle, LoginMessage, Mystcraft, RedPowerBase, GregsLighting, WR-CBE|Core, RedPowerWiring, ThermalExpansion, TwilightForest, BuildCraft|Factory, Railcraft, GraviSuite, WR-CBE|Addons, EnderStorage, IC2NuclearControl, weaponmod, ComputerCraft, RPTweaks, SoulShards, IronChest, BechillTPS, OmniTools, RedPowerCore, RedPowerControl, RedPowerWorld, ChickenChunks, BuildCraft|Energy, AdvancedSolarPanel, IC2, RedPowerLogic, NetherOres, XReliquary, RedPowerLighting, ExtrabiomesXL, RedPowerMachine, ModularForceFieldSystem, BuildCraft|Transport, ThermalExpansion|Energy, ThermalExpansion|Factory, RedPowerCompat, Forestry, ThermalExpansion|Transport, BuildCraft|Builders, ObsidiPlates]
2026-02-20 16:28:37 [INFO] Sinyster2[/100.76.212.6:52464] logged in with entity id 314 at (-75.5, 68.62000000476837, 259.5)
2026-02-20 16:28:46 [INFO] Sinyster2 lost connection: disconnect.quitting
2026-02-20 16:28:56 [INFO] Stopping the server
2026-02-20 16:28:56 [INFO] Stopping server
2026-02-20 16:28:56 [INFO] Saving players
2026-02-20 16:28:56 [INFO] Saving worlds
2026-02-20 16:28:56 [INFO] Saving chunks for level 'Nargbox'/Overworld
2026-02-20 16:28:56 [INFO] Saving chunks for level 'Nargbox'/Nether
2026-02-20 16:28:56 [INFO] Saving chunks for level 'Nargbox'/The End
2026-02-20 16:28:56 [INFO] Saving chunks for level 'Nargbox'/Twilight Forest
2026-02-20 16:28:56 [INFO] Stopping server
2026-02-20 16:28:56 [INFO] Saving players
2026-02-20 16:28:56 [INFO] Saving worlds
2026-02-20 16:29:39 [INFO] Starting minecraft server version 1.4.7
2026-02-20 16:29:49 [INFO] Loading properties
2026-02-20 16:29:49 [INFO] Default game type: SURVIVAL
2026-02-20 16:29:49 [INFO] Generating keypair
2026-02-20 16:29:50 [INFO] Starting Minecraft server on *:25565
2026-02-20 16:30:01 [INFO] Preparing level "Nargbox"
2026-02-20 16:30:05 [INFO] Preparing start region for level 0
2026-02-20 16:30:06 [INFO] Preparing spawn area: 13%
2026-02-20 16:30:07 [INFO] Preparing spawn area: 28%
2026-02-20 16:30:08 [INFO] Preparing spawn area: 44%
2026-02-20 16:30:09 [INFO] Preparing spawn area: 59%
2026-02-20 16:30:10 [INFO] Preparing spawn area: 75%
2026-02-20 16:30:11 [INFO] Preparing spawn area: 90%
2026-02-20 16:30:12 [INFO] Done (11.278s)! For help, type "help" or "?"
2026-02-20 16:30:43 [INFO] User Sinyster2 connecting with mods [Thaumcraft, WR-CBE|RedPower, BuildCraft|Silicon, MiscPeripherals, BiblioCraft, GregTech_Addon, BuildCraft|Core, LogisticsPipes|Main, CCTurtle, LoginMessage, Mystcraft, RedPowerBase, GregsLighting, WR-CBE|Core, RedPowerWiring, ThermalExpansion, TwilightForest, BuildCraft|Factory, GraviSuite, Railcraft, WR-CBE|Addons, IC2NuclearControl, EnderStorage, weaponmod, ComputerCraft, RPTweaks, SoulShards, BechillTPS, IronChest, OmniTools, RedPowerCore, RedPowerControl, RedPowerWorld, ChickenChunks, AdvancedSolarPanel, BuildCraft|Energy, IC2, RedPowerLogic, NetherOres, XReliquary, RedPowerLighting, ExtrabiomesXL, RedPowerMachine, ModularForceFieldSystem, BuildCraft|Transport, ThermalExpansion|Energy, ThermalExpansion|Factory, Forestry, RedPowerCompat, ThermalExpansion|Transport, BuildCraft|Builders, ObsidiPlates]
2026-02-20 16:30:43 [INFO] Sinyster2[/100.76.212.6:38316] logged in with entity id 4743 at (-226.5, 74.62000000476837, 259.5)
2026-02-20 16:30:48 [INFO] Sinyster2 lost connection: disconnect.quitting
2026-02-20 16:31:22 [INFO] Stopping the server
2026-02-20 16:31:22 [INFO] Stopping server
2026-02-20 16:31:22 [INFO] Saving players
2026-02-20 16:31:22 [INFO] Saving worlds
2026-02-20 16:31:22 [INFO] Saving chunks for level 'Nargbox'/Overworld
2026-02-20 16:31:22 [INFO] Saving chunks for level 'Nargbox'/Nether
2026-02-20 16:31:23 [INFO] Stopping server
2026-02-20 16:31:23 [INFO] Saving players
2026-02-20 16:31:23 [INFO] Saving worlds
2026-02-20 16:31:43 [INFO] Starting minecraft server version 1.4.7
2026-02-20 16:31:54 [INFO] Loading properties
2026-02-20 16:31:54 [INFO] Default game type: SURVIVAL
2026-02-20 16:31:54 [INFO] Generating keypair
2026-02-20 16:31:54 [INFO] Starting Minecraft server on *:25565
2026-02-20 16:32:05 [INFO] Preparing level "Nargbox"
2026-02-20 16:32:06 [INFO] Preparing start region for level 0
2026-02-20 16:32:06 [INFO] Done (0.973s)! For help, type "help" or "?"
2026-02-20 20:13:11 [INFO] Stopping the server
2026-02-20 20:13:11 [INFO] Stopping server
2026-02-20 20:13:11 [INFO] Saving players
2026-02-20 20:13:11 [INFO] Saving worlds
2026-02-20 20:13:11 [INFO] Saving chunks for level 'Nargbox'/Overworld
2026-02-20 20:13:11 [INFO] Saving chunks for level 'Nargbox'/Nether
2026-02-20 20:13:12 [INFO] Stopping server
2026-02-20 20:13:12 [INFO] Saving players
2026-02-20 20:13:12 [INFO] Saving worlds
2026-02-22 19:59:51 [INFO] Starting minecraft server version 1.4.7
2026-02-22 20:00:01 [INFO] Loading properties
2026-02-22 20:00:01 [INFO] Default game type: SURVIVAL
2026-02-22 20:00:01 [INFO] Generating keypair
2026-02-22 20:00:02 [INFO] Starting Minecraft server on *:25565
2026-02-22 20:00:13 [INFO] Preparing level "Nargbox"
2026-02-22 20:00:13 [INFO] Preparing start region for level 0
2026-02-22 20:00:14 [INFO] Done (1.008s)! For help, type "help" or "?"
2026-02-22 20:01:59 [INFO] User Sinyster2 connecting with mods [Thaumcraft, WR-CBE|RedPower, BuildCraft|Silicon, MiscPeripherals, BiblioCraft, GregTech_Addon, BuildCraft|Core, LogisticsPipes|Main, CCTurtle, LoginMessage, Mystcraft, RedPowerBase, GregsLighting, WR-CBE|Core, RedPowerWiring, ThermalExpansion, TwilightForest, BuildCraft|Factory, GraviSuite, Railcraft, WR-CBE|Addons, IC2NuclearControl, EnderStorage, weaponmod, ComputerCraft, RPTweaks, SoulShards, BechillTPS, IronChest, OmniTools, RedPowerCore, RedPowerControl, RedPowerWorld, ChickenChunks, AdvancedSolarPanel, BuildCraft|Energy, IC2, RedPowerLogic, NetherOres, XReliquary, RedPowerLighting, ExtrabiomesXL, RedPowerMachine, ModularForceFieldSystem, BuildCraft|Transport, ThermalExpansion|Energy, ThermalExpansion|Factory, Forestry, RedPowerCompat, ThermalExpansion|Transport, BuildCraft|Builders, ObsidiPlates]
2026-02-22 20:01:59 [INFO] Sinyster2[/100.120.174.98:36052] logged in with entity id 386 at (-226.5, 73.0, 259.5)
2026-02-22 20:02:05 [INFO] Sinyster2 lost connection: disconnect.quitting
2026-02-22 20:02:10 [INFO] User Sinyster2 connecting with mods [Thaumcraft, WR-CBE|RedPower, BuildCraft|Silicon, MiscPeripherals, BiblioCraft, GregTech_Addon, BuildCraft|Core, LogisticsPipes|Main, CCTurtle, LoginMessage, Mystcraft, RedPowerBase, GregsLighting, WR-CBE|Core, RedPowerWiring, ThermalExpansion, TwilightForest, BuildCraft|Factory, GraviSuite, Railcraft, WR-CBE|Addons, IC2NuclearControl, EnderStorage, weaponmod, ComputerCraft, RPTweaks, SoulShards, BechillTPS, IronChest, OmniTools, RedPowerCore, RedPowerControl, RedPowerWorld, ChickenChunks, AdvancedSolarPanel, BuildCraft|Energy, IC2, RedPowerLogic, NetherOres, XReliquary, RedPowerLighting, ExtrabiomesXL, RedPowerMachine, ModularForceFieldSystem, BuildCraft|Transport, ThermalExpansion|Energy, ThermalExpansion|Factory, Forestry, RedPowerCompat, ThermalExpansion|Transport, BuildCraft|Builders, ObsidiPlates]
2026-02-22 20:02:10 [INFO] Sinyster2[/100.120.174.98:38728] logged in with entity id 698 at (-226.5, 73.0, 259.5)
2026-02-22 20:02:36 [INFO] User GaminPancake connecting with mods [Thaumcraft, WR-CBE|RedPower, BuildCraft|Silicon, MiscPeripherals, BiblioCraft, GregTech_Addon, BuildCraft|Core, LogisticsPipes|Main, CCTurtle, LoginMessage, Mystcraft, RedPowerBase, GregsLighting, WR-CBE|Core, RedPowerWiring, ThermalExpansion, TwilightForest, BuildCraft|Factory, GraviSuite, Railcraft, WR-CBE|Addons, IC2NuclearControl, EnderStorage, weaponmod, ComputerCraft, RPTweaks, SoulShards, BechillTPS, IronChest, OmniTools, RedPowerCore, RedPowerControl, RedPowerWorld, ChickenChunks, AdvancedSolarPanel, BuildCraft|Energy, IC2, RedPowerLogic, NetherOres, XReliquary, RedPowerLighting, ExtrabiomesXL, RedPowerMachine, ModularForceFieldSystem, BuildCraft|Transport, ThermalExpansion|Energy, ThermalExpansion|Factory, Forestry, RedPowerCompat, ThermalExpansion|Transport, BuildCraft|Builders, ObsidiPlates]
2026-02-22 20:02:37 [INFO] GaminPancake[/100.101.166.84:55944] logged in with entity id 1646 at (-240.5, 80.62000000476837, 253.5)
2026-02-22 20:15:14 [INFO] Sinyster2 blew up
2026-02-22 20:46:37 [INFO] <GaminPancake> eep
2026-02-22 20:53:59 [INFO] Sinyster2 lost connection: disconnect.quitting
2026-02-22 20:54:06 [INFO] User Sinyster2 connecting with mods [Thaumcraft, WR-CBE|RedPower, BuildCraft|Silicon, MiscPeripherals, BiblioCraft, GregTech_Addon, BuildCraft|Core, LogisticsPipes|Main, CCTurtle, LoginMessage, Mystcraft, RedPowerBase, GregsLighting, WR-CBE|Core, RedPowerWiring, ThermalExpansion, TwilightForest, BuildCraft|Factory, GraviSuite, Railcraft, WR-CBE|Addons, IC2NuclearControl, EnderStorage, weaponmod, ComputerCraft, RPTweaks, SoulShards, BechillTPS, IronChest, OmniTools, RedPowerCore, RedPowerControl, RedPowerWorld, ChickenChunks, AdvancedSolarPanel, BuildCraft|Energy, IC2, RedPowerLogic, NetherOres, XReliquary, RedPowerLighting, ExtrabiomesXL, RedPowerMachine, ModularForceFieldSystem, BuildCraft|Transport, ThermalExpansion|Energy, ThermalExpansion|Factory, Forestry, RedPowerCompat, ThermalExpansion|Transport, BuildCraft|Builders, ObsidiPlates]
2026-02-22 20:54:06 [INFO] Sinyster2[/100.120.174.98:59424] logged in with entity id 79920 at (49.630991795213234, 71.0, 53.70866798052032)
2026-02-22 21:23:39 [INFO] <Sinyster2> neovim
2026-02-22 21:24:40 [INFO] Sinyster2 lost connection: disconnect.quitting
2026-02-22 21:35:47 [INFO] User Sinyster2 connecting with mods [Thaumcraft, WR-CBE|RedPower, BuildCraft|Silicon, MiscPeripherals, BiblioCraft, GregTech_Addon, BuildCraft|Core, LogisticsPipes|Main, CCTurtle, LoginMessage, Mystcraft, RedPowerBase, GregsLighting, WR-CBE|Core, RedPowerWiring, ThermalExpansion, TwilightForest, BuildCraft|Factory, GraviSuite, Railcraft, WR-CBE|Addons, IC2NuclearControl, EnderStorage, weaponmod, ComputerCraft, RPTweaks, SoulShards, BechillTPS, IronChest, OmniTools, RedPowerCore, RedPowerControl, RedPowerWorld, ChickenChunks, AdvancedSolarPanel, BuildCraft|Energy, IC2, RedPowerLogic, NetherOres, XReliquary, RedPowerLighting, ExtrabiomesXL, RedPowerMachine, ModularForceFieldSystem, BuildCraft|Transport, ThermalExpansion|Energy, ThermalExpansion|Factory, Forestry, RedPowerCompat, ThermalExpansion|Transport, BuildCraft|Builders, ObsidiPlates]
2026-02-22 21:35:47 [INFO] Sinyster2[/100.120.174.98:40286] logged in with entity id 126623 at (57.071819966923705, 62.0, 86.69999998807907)
2026-02-22 21:48:01 [INFO] GaminPancake lost connection: disconnect.quitting
2026-02-22 21:49:31 [INFO] User GaminPancake connecting with mods [Thaumcraft, WR-CBE|RedPower, BuildCraft|Silicon, MiscPeripherals, BiblioCraft, GregTech_Addon, BuildCraft|Core, LogisticsPipes|Main, CCTurtle, LoginMessage, Mystcraft, RedPowerBase, GregsLighting, WR-CBE|Core, RedPowerWiring, ThermalExpansion, TwilightForest, BuildCraft|Factory, GraviSuite, Railcraft, WR-CBE|Addons, IC2NuclearControl, EnderStorage, weaponmod, ComputerCraft, RPTweaks, SoulShards, BechillTPS, IronChest, OmniTools, RedPowerCore, RedPowerControl, RedPowerWorld, ChickenChunks, AdvancedSolarPanel, BuildCraft|Energy, IC2, RedPowerLogic, NetherOres, XReliquary, RedPowerLighting, ExtrabiomesXL, RedPowerMachine, ModularForceFieldSystem, BuildCraft|Transport, ThermalExpansion|Energy, ThermalExpansion|Factory, Forestry, RedPowerCompat, ThermalExpansion|Transport, BuildCraft|Builders, ObsidiPlates]
2026-02-22 21:49:31 [INFO] GaminPancake[/100.101.166.84:60224] logged in with entity id 145784 at (109.90680357823057, 50.0, -50.69999998807909)
2026-02-22 22:03:14 [INFO] Sinyster2 lost connection: disconnect.quitting
2026-02-22 22:03:24 [INFO] User Sinyster2 connecting with mods [Thaumcraft, WR-CBE|RedPower, BuildCraft|Silicon, MiscPeripherals, BiblioCraft, GregTech_Addon, BuildCraft|Core, LogisticsPipes|Main, CCTurtle, LoginMessage, Mystcraft, RedPowerBase, GregsLighting, WR-CBE|Core, RedPowerWiring, ThermalExpansion, TwilightForest, BuildCraft|Factory, GraviSuite, Railcraft, WR-CBE|Addons, IC2NuclearControl, EnderStorage, weaponmod, ComputerCraft, RPTweaks, SoulShards, BechillTPS, IronChest, OmniTools, RedPowerCore, RedPowerControl, RedPowerWorld, ChickenChunks, AdvancedSolarPanel, BuildCraft|Energy, IC2, RedPowerLogic, NetherOres, XReliquary, RedPowerLighting, ExtrabiomesXL, RedPowerMachine, ModularForceFieldSystem, BuildCraft|Transport, ThermalExpansion|Energy, ThermalExpansion|Factory, Forestry, RedPowerCompat, ThermalExpansion|Transport, BuildCraft|Builders, ObsidiPlates]
2026-02-22 22:03:25 [INFO] Sinyster2[/100.120.174.98:45414] logged in with entity id 171475 at (57.06561362582872, 62.0, 87.53333351471417)
2026-02-22 22:37:46 [INFO] <GaminPancake> Jsem ztracenej jak clitoris
2026-02-22 22:47:13 [INFO] <GaminPancake> extract
2026-02-22 22:52:07 [INFO] <Sinyster2> root
2026-02-22 22:52:12 [INFO] <GaminPancake> NectRoot
2026-02-22 22:52:13 [INFO] <Sinyster2> rude
2026-02-22 23:13:30 [INFO] <GaminPancake> jo to jsem se naucil kokoto
2026-02-22 23:13:48 [INFO] <Sinyster2> nic nevidim
2026-02-22 23:14:37 [INFO] <Sinyster2> zzzzzzz
2026-02-22 23:16:17 [INFO] <GaminPancake> a
2026-02-22 23:16:22 [INFO] Usage: /give <player> <item> [amount] [data]
2026-02-22 23:16:31 [INFO] 'anvil' is not a valid number
2026-02-22 23:16:50 [INFO] Given Anvil (ID 145) * 1 to GaminPancake
2026-02-22 23:17:55 [INFO] <Sinyster2> 30 LEVELU
2026-02-22 23:18:25 [INFO] Sinyster2 lost connection: disconnect.quitting
2026-02-22 23:25:51 [INFO] GaminPancake lost connection: disconnect.genericReason
2026-02-23 09:13:24 [INFO] User Sinyster2 connecting with mods [Thaumcraft, WR-CBE|RedPower, BuildCraft|Silicon, MiscPeripherals, BiblioCraft, GregTech_Addon, BuildCraft|Core, LogisticsPipes|Main, CCTurtle, LoginMessage, Mystcraft, RedPowerBase, GregsLighting, WR-CBE|Core, RedPowerWiring, ThermalExpansion, TwilightForest, BuildCraft|Factory, GraviSuite, Railcraft, WR-CBE|Addons, IC2NuclearControl, EnderStorage, weaponmod, ComputerCraft, RPTweaks, SoulShards, BechillTPS, IronChest, OmniTools, RedPowerCore, RedPowerControl, RedPowerWorld, ChickenChunks, AdvancedSolarPanel, BuildCraft|Energy, IC2, RedPowerLogic, NetherOres, XReliquary, RedPowerLighting, ExtrabiomesXL, RedPowerMachine, ModularForceFieldSystem, BuildCraft|Transport, ThermalExpansion|Energy, ThermalExpansion|Factory, Forestry, RedPowerCompat, ThermalExpansion|Transport, BuildCraft|Builders, ObsidiPlates]
2026-02-23 09:13:24 [INFO] Sinyster2[/100.120.174.98:48812] logged in with entity id 322142 at (57.335893196643234, 62.0, 87.45437436181899)
2026-02-23 09:17:17 [INFO] Sinyster2 lost connection: disconnect.quitting
2026-02-23 09:18:08 [INFO] User Sinyster2 connecting with mods [Thaumcraft, WR-CBE|RedPower, BuildCraft|Silicon, MiscPeripherals, BiblioCraft, GregTech_Addon, BuildCraft|Core, LogisticsPipes|Main, CCTurtle, LoginMessage, Mystcraft, RedPowerBase, GregsLighting, WR-CBE|Core, RedPowerWiring, ThermalExpansion, TwilightForest, BuildCraft|Factory, GraviSuite, Railcraft, WR-CBE|Addons, IC2NuclearControl, EnderStorage, weaponmod, ComputerCraft, RPTweaks, SoulShards, BechillTPS, IronChest, OmniTools, RedPowerCore, RedPowerControl, RedPowerWorld, ChickenChunks, AdvancedSolarPanel, BuildCraft|Energy, IC2, RedPowerLogic, NetherOres, XReliquary, RedPowerLighting, ExtrabiomesXL, RedPowerMachine, ModularForceFieldSystem, BuildCraft|Transport, ThermalExpansion|Energy, ThermalExpansion|Factory, Forestry, RedPowerCompat, ThermalExpansion|Transport, BuildCraft|Builders, ObsidiPlates]
2026-02-23 09:18:08 [INFO] Sinyster2[/100.120.174.98:50178] logged in with entity id 327027 at (45.68946219219571, 66.0, 103.61821606130756)
2026-02-23 09:48:58 [INFO] <Sinyster2> +45 +85
2026-02-23 10:46:56 [INFO] Sinyster2 lost connection: disconnect.quitting
2026-02-23 11:29:33 [INFO] User Sinyster2 connecting with mods [Thaumcraft, WR-CBE|RedPower, BuildCraft|Silicon, MiscPeripherals, BiblioCraft, GregTech_Addon, BuildCraft|Core, LogisticsPipes|Main, CCTurtle, LoginMessage, Mystcraft, RedPowerBase, GregsLighting, WR-CBE|Core, RedPowerWiring, ThermalExpansion, TwilightForest, BuildCraft|Factory, GraviSuite, Railcraft, WR-CBE|Addons, IC2NuclearControl, EnderStorage, weaponmod, ComputerCraft, RPTweaks, SoulShards, BechillTPS, IronChest, OmniTools, RedPowerCore, RedPowerControl, RedPowerWorld, ChickenChunks, AdvancedSolarPanel, BuildCraft|Energy, IC2, RedPowerLogic, NetherOres, XReliquary, RedPowerLighting, ExtrabiomesXL, RedPowerMachine, ModularForceFieldSystem, BuildCraft|Transport, ThermalExpansion|Energy, ThermalExpansion|Factory, Forestry, RedPowerCompat, ThermalExpansion|Transport, BuildCraft|Builders, ObsidiPlates]
2026-02-23 11:29:33 [INFO] Sinyster2[/192.168.1.28:49010] logged in with entity id 424022 at (51.28431186490363, 62.0, 87.13696216084496)
2026-02-23 11:34:48 [INFO] Sinyster2 lost connection: disconnect.quitting
2026-02-23 11:34:51 [INFO] User Sinyster2 connecting with mods [Thaumcraft, WR-CBE|RedPower, BuildCraft|Silicon, MiscPeripherals, BiblioCraft, GregTech_Addon, BuildCraft|Core, LogisticsPipes|Main, CCTurtle, LoginMessage, Mystcraft, RedPowerBase, GregsLighting, WR-CBE|Core, RedPowerWiring, ThermalExpansion, TwilightForest, BuildCraft|Factory, GraviSuite, Railcraft, WR-CBE|Addons, IC2NuclearControl, EnderStorage, weaponmod, ComputerCraft, RPTweaks, SoulShards, BechillTPS, IronChest, OmniTools, RedPowerCore, RedPowerControl, RedPowerWorld, ChickenChunks, AdvancedSolarPanel, BuildCraft|Energy, IC2, RedPowerLogic, NetherOres, XReliquary, RedPowerLighting, ExtrabiomesXL, RedPowerMachine, ModularForceFieldSystem, BuildCraft|Transport, ThermalExpansion|Energy, ThermalExpansion|Factory, Forestry, RedPowerCompat, ThermalExpansion|Transport, BuildCraft|Builders, ObsidiPlates]
2026-02-23 11:34:51 [INFO] Sinyster2[/192.168.1.28:43056] logged in with entity id 428916 at (40.54210402265017, 47.0, 88.46242052381805)
2026-02-23 11:52:57 [INFO] Sinyster2 lost connection: disconnect.quitting
2026-02-23 11:54:02 [INFO] User Sinyster2 connecting with mods [Thaumcraft, WR-CBE|RedPower, BuildCraft|Silicon, MiscPeripherals, BiblioCraft, GregTech_Addon, BuildCraft|Core, LogisticsPipes|Main, CCTurtle, LoginMessage, Mystcraft, RedPowerBase, GregsLighting, WR-CBE|Core, RedPowerWiring, ThermalExpansion, TwilightForest, BuildCraft|Factory, GraviSuite, Railcraft, WR-CBE|Addons, IC2NuclearControl, EnderStorage, weaponmod, ComputerCraft, RPTweaks, SoulShards, BechillTPS, IronChest, OmniTools, RedPowerCore, RedPowerControl, RedPowerWorld, ChickenChunks, AdvancedSolarPanel, BuildCraft|Energy, IC2, RedPowerLogic, NetherOres, XReliquary, RedPowerLighting, ExtrabiomesXL, RedPowerMachine, ModularForceFieldSystem, BuildCraft|Transport, ThermalExpansion|Energy, ThermalExpansion|Factory, Forestry, RedPowerCompat, ThermalExpansion|Transport, BuildCraft|Builders, ObsidiPlates]
2026-02-23 11:54:02 [INFO] Sinyster2[/192.168.1.28:41878] logged in with entity id 449174 at (57.42710177477512, 44.0, 83.88681306134441)
2026-02-23 11:54:25 [INFO] Sinyster2 lost connection: disconnect.quitting
2026-02-23 11:57:29 [INFO] Stopping the server
2026-02-23 11:57:29 [INFO] Stopping server
2026-02-23 11:57:29 [INFO] Saving players
2026-02-23 11:57:29 [INFO] Saving worlds
2026-02-23 11:57:29 [INFO] Saving chunks for level 'Nargbox'/Overworld
2026-02-23 11:57:29 [INFO] Saving chunks for level 'Nargbox'/Nether
2026-02-23 11:57:29 [INFO] Stopping server
2026-02-23 11:57:29 [INFO] Saving players
2026-02-23 11:57:29 [INFO] Saving worlds
2026-02-23 11:58:06 [INFO] Starting minecraft server version 1.4.7
2026-02-23 11:58:16 [INFO] Loading properties
2026-02-23 11:58:16 [INFO] Default game type: SURVIVAL
2026-02-23 11:58:16 [INFO] Generating keypair
2026-02-23 11:58:16 [INFO] Starting Minecraft server on *:25565
2026-02-23 11:58:27 [INFO] Preparing level "Nargbox"
2026-02-23 11:58:27 [INFO] Preparing start region for level 0
2026-02-23 11:58:28 [INFO] Done (1.028s)! For help, type "help" or "?"
2026-02-23 12:07:56 [INFO] User Sinyster2 connecting with mods [Thaumcraft, WR-CBE|RedPower, BuildCraft|Silicon, MiscPeripherals, BiblioCraft, GregTech_Addon, BuildCraft|Core, LogisticsPipes|Main, CCTurtle, LoginMessage, Mystcraft, RedPowerBase, GregsLighting, WR-CBE|Core, RedPowerWiring, ThermalExpansion, TwilightForest, BuildCraft|Factory, GraviSuite, Railcraft, WR-CBE|Addons, IC2NuclearControl, EnderStorage, weaponmod, ComputerCraft, RPTweaks, SoulShards, BechillTPS, IronChest, OmniTools, RedPowerCore, RedPowerControl, RedPowerWorld, ChickenChunks, AdvancedSolarPanel, BuildCraft|Energy, IC2, RedPowerLogic, NetherOres, XReliquary, RedPowerLighting, ExtrabiomesXL, RedPowerMachine, ModularForceFieldSystem, BuildCraft|Transport, ThermalExpansion|Energy, ThermalExpansion|Factory, Forestry, RedPowerCompat, ThermalExpansion|Transport, BuildCraft|Builders, ObsidiPlates]
2026-02-23 12:07:56 [INFO] Sinyster2[/192.168.1.28:39256] logged in with entity id 356 at (52.64722858842501, 44.0, 86.58014584034687)
2026-02-23 12:16:42 [INFO] Sinyster2 lost connection: disconnect.quitting
2026-02-23 18:48:06 [INFO] Stopping the server
2026-02-23 18:48:06 [INFO] Stopping server
2026-02-23 18:48:06 [INFO] Saving players
2026-02-23 18:48:06 [INFO] Saving worlds
2026-02-23 18:48:06 [INFO] Saving chunks for level 'Nargbox'/Overworld
2026-02-23 18:48:06 [INFO] Saving chunks for level 'Nargbox'/Nether
2026-02-23 18:48:07 [INFO] Stopping server
2026-02-23 18:48:07 [INFO] Saving players
2026-02-23 18:48:07 [INFO] Saving worlds
